<?xml version="1.0" encoding="UTF-8"?>
<testsuite name="Cucumber" time="35.573" tests="13" skipped="0" failures="13" errors="0">
<testcase classname="Teste automação integração" name="Teste automação integração - Example #1.1" time="5.674">
<failure/>
<system-out><![CDATA[
Given o usuário está logado com um dos perfis Analista......................undefined
And acessar um dos apps Azul - Console atendimento..........................skipped
When o usuário clicar na Guia Consulta FIPE.................................skipped
Then o sistema deverá validar se os campos "Aceita veículos novos" e "Vidros" estão retornando "SIM" ou "NÃO" na listagem e na página de Detalhes da Guia Consulta FIPE.skipped
]]></system-out>
</testcase>
<testcase classname="Teste automação integração" name="Teste automação integração - Example #1.2" time="2.751">
<failure/>
<system-out><![CDATA[
Given o usuário está logado com um dos perfis Auditor.......................undefined
And acessar um dos apps Azul - Console atendimento..........................skipped
When o usuário clicar na Guia Consulta FIPE.................................skipped
Then o sistema deverá validar se os campos "Aceita veículos novos" e "Vidros" estão retornando "SIM" ou "NÃO" na listagem e na página de Detalhes da Guia Consulta FIPE.skipped
]]></system-out>
</testcase>
<testcase classname="Teste automação integração" name="Teste automação integração - Example #1.3" time="2.402">
<failure/>
<system-out><![CDATA[
Given o usuário está logado com um dos perfis Atendimento...................undefined
And acessar um dos apps Azul - Console atendimento..........................skipped
When o usuário clicar na Guia Consulta FIPE.................................skipped
Then o sistema deverá validar se os campos "Aceita veículos novos" e "Vidros" estão retornando "SIM" ou "NÃO" na listagem e na página de Detalhes da Guia Consulta FIPE.skipped
]]></system-out>
</testcase>
<testcase classname="Teste automação integração" name="Teste automação integração - Example #1.4" time="2.263">
<failure/>
<system-out><![CDATA[
Given o usuário está logado com um dos perfis Atendimento chat..............undefined
And acessar um dos apps Azul - Console atendimento..........................skipped
When o usuário clicar na Guia Consulta FIPE.................................skipped
Then o sistema deverá validar se os campos "Aceita veículos novos" e "Vidros" estão retornando "SIM" ou "NÃO" na listagem e na página de Detalhes da Guia Consulta FIPE.skipped
]]></system-out>
</testcase>
<testcase classname="Teste automação integração" name="Teste automação integração - Example #1.5" time="2.284">
<failure/>
<system-out><![CDATA[
Given o usuário está logado com um dos perfis Backoffice....................undefined
And acessar um dos apps Azul - Console atendimento..........................skipped
When o usuário clicar na Guia Consulta FIPE.................................skipped
Then o sistema deverá validar se os campos "Aceita veículos novos" e "Vidros" estão retornando "SIM" ou "NÃO" na listagem e na página de Detalhes da Guia Consulta FIPE.skipped
]]></system-out>
</testcase>
<testcase classname="Teste automação integração" name="Teste automação integração - Example #1.6" time="2.55">
<failure/>
<system-out><![CDATA[
Given o usuário está logado com um dos perfis Monitor Qualidade.............undefined
And acessar um dos apps Azul - Console atendimento..........................skipped
When o usuário clicar na Guia Consulta FIPE.................................skipped
Then o sistema deverá validar se os campos "Aceita veículos novos" e "Vidros" estão retornando "SIM" ou "NÃO" na listagem e na página de Detalhes da Guia Consulta FIPE.skipped
]]></system-out>
</testcase>
<testcase classname="Teste automação integração" name="Teste automação integração - Example #1.7" time="2.611">
<failure/>
<system-out><![CDATA[
Given o usuário está logado com um dos perfis Monitor Qualidade.............undefined
And acessar um dos apps Supervisor..........................................skipped
When o usuário clicar na Guia Consulta FIPE.................................skipped
Then o sistema deverá validar se os campos "Aceita veículos novos" e "Vidros" estão retornando "SIM" ou "NÃO" na listagem e na página de Detalhes da Guia Consulta FIPE.skipped
]]></system-out>
</testcase>
<testcase classname="Teste automação integração" name="Teste automação integração - Example #1.8" time="2.753">
<failure/>
<system-out><![CDATA[
Given o usuário está logado com um dos perfis Promotor......................undefined
And acessar um dos apps Azul - Console atendimento..........................skipped
When o usuário clicar na Guia Consulta FIPE.................................skipped
Then o sistema deverá validar se os campos "Aceita veículos novos" e "Vidros" estão retornando "SIM" ou "NÃO" na listagem e na página de Detalhes da Guia Consulta FIPE.skipped
]]></system-out>
</testcase>
<testcase classname="Teste automação integração" name="Teste automação integração - Example #1.9" time="2.356">
<failure/>
<system-out><![CDATA[
Given o usuário está logado com um dos perfis Sinistro Regulação............undefined
And acessar um dos apps Azul - Console atendimento..........................skipped
When o usuário clicar na Guia Consulta FIPE.................................skipped
Then o sistema deverá validar se os campos "Aceita veículos novos" e "Vidros" estão retornando "SIM" ou "NÃO" na listagem e na página de Detalhes da Guia Consulta FIPE.skipped
]]></system-out>
</testcase>
<testcase classname="Teste automação integração" name="Teste automação integração - Example #1.10" time="2.356">
<failure/>
<system-out><![CDATA[
Given o usuário está logado com um dos perfis Supervisor....................undefined
And acessar um dos apps Supervisor..........................................skipped
When o usuário clicar na Guia Consulta FIPE.................................skipped
Then o sistema deverá validar se os campos "Aceita veículos novos" e "Vidros" estão retornando "SIM" ou "NÃO" na listagem e na página de Detalhes da Guia Consulta FIPE.skipped
]]></system-out>
</testcase>
<testcase classname="Teste automação integração" name="Teste automação integração - Example #1.11" time="2.466">
<failure/>
<system-out><![CDATA[
Given o usuário está logado com um dos perfis Supervisor Live chat..........undefined
And acessar um dos apps Supervisor..........................................skipped
When o usuário clicar na Guia Consulta FIPE.................................skipped
Then o sistema deverá validar se os campos "Aceita veículos novos" e "Vidros" estão retornando "SIM" ou "NÃO" na listagem e na página de Detalhes da Guia Consulta FIPE.skipped
]]></system-out>
</testcase>
<testcase classname="Teste automação integração" name="Teste automação integração - Example #1.12" time="2.321">
<failure/>
<system-out><![CDATA[
Given o usuário está logado com um dos perfis Integração SF.................undefined
And acessar um dos apps Azul - Console atendimento..........................skipped
When o usuário clicar na Guia Consulta FIPE.................................skipped
Then o sistema deverá validar se os campos "Aceita veículos novos" e "Vidros" estão retornando "SIM" ou "NÃO" na listagem e na página de Detalhes da Guia Consulta FIPE.skipped
]]></system-out>
</testcase>
<testcase classname="Teste automação integração" name="Teste automação integração - Example #1.13" time="2.362">
<failure/>
<system-out><![CDATA[
Given o usuário está logado com um dos perfis Integração SF.................undefined
And acessar um dos apps Supervisor..........................................skipped
When o usuário clicar na Guia Consulta FIPE.................................skipped
Then o sistema deverá validar se os campos "Aceita veículos novos" e "Vidros" estão retornando "SIM" ou "NÃO" na listagem e na página de Detalhes da Guia Consulta FIPE.skipped
]]></system-out>
</testcase>
</testsuite>
