<?xml version="1.0" encoding="UTF-8"?>
<testsuite xmlns:xsi="http://www.w3.org/2001/XMLSchema-instance" xsi:noNamespaceSchemaLocation="https://maven.apache.org/surefire/maven-surefire-plugin/xsd/surefire-test-report.xsd" name="Teste automação integração" time="36.104" tests="13" errors="13" skipped="0" failures="0">
  <properties>
[...]
</properties>
  <testcase name="Teste automação integração #1" classname="Teste automação integração" time="5.867">
    <error message="The step &apos;o usuário está logado com um dos perfis Analista&apos; and 2 other step(s) are undefined.&#10;You can implement these steps using the snippet(s) below:&#10;&#10;@Given(&quot;o usuário está logado com um dos perfis Analista&quot;)&#10;public void o_usuário_está_logado_com_um_dos_perfis_analista() {&#10;    // Write code here that turns the phrase above into concrete actions&#10;    throw new io.cucumber.java.PendingException();&#10;}&#10;@When(&quot;o usuário clicar na Guia Consulta FIPE&quot;)&#10;public void o_usuário_clicar_na_guia_consulta_fipe() {&#10;    // Write code here that turns the phrase above into concrete actions&#10;    throw new io.cucumber.java.PendingException();&#10;}&#10;@Then(&quot;o sistema deverá validar se os campos {string} e {string} estão retornando {string} ou {string} na listagem e na página de Detalhes da Guia Consulta FIPE&quot;)&#10;public void o_sistema_deverá_validar_se_os_campos_e_estão_retornando_ou_na_listagem_e_na_página_de_detalhes_da_guia_consulta_fipe(String string, String string2, String string3, String string4) {&#10;    // Write code here that turns the phrase above into concrete actions&#10;    throw new io.cucumber.java.PendingException();&#10;}&#10;" type="io.cucumber.junit.UndefinedStepException">io.cucumber.junit.UndefinedStepException: 
The step 'o usuário está logado com um dos perfis Analista' and 2 other step(s) are undefined.
You can implement these steps using the snippet(s) below:

@Given("o usuário está logado com um dos perfis Analista")
public void o_usuário_está_logado_com_um_dos_perfis_analista() {
    // Write code here that turns the phrase above into concrete actions
    throw new io.cucumber.java.PendingException();
}
@When("o usuário clicar na Guia Consulta FIPE")
public void o_usuário_clicar_na_guia_consulta_fipe() {
    // Write code here that turns the phrase above into concrete actions
    throw new io.cucumber.java.PendingException();
}
@Then("o sistema deverá validar se os campos {string} e {string} estão retornando {string} ou {string} na listagem e na página de Detalhes da Guia Consulta FIPE")
public void o_sistema_deverá_validar_se_os_campos_e_estão_retornando_ou_na_listagem_e_na_página_de_detalhes_da_guia_consulta_fipe(String string, String string2, String string3, String string4) {
    // Write code here that turns the phrase above into concrete actions
    throw new io.cucumber.java.PendingException();
}

</error>
    <system-out><![CDATA[18:15:57.028 [main] DEBUG io.github.bonigarcia.wdm.WebDriverManager - Using WebDriverManager 5.6.3
18:15:57.744 [main] DEBUG io.github.bonigarcia.wdm.cache.ResolutionCache - Resolution chrome=122 in cache (valid until 18:55:56 11/03/2024 BRT)
18:15:57.746 [main] DEBUG io.github.bonigarcia.wdm.cache.ResolutionCache - Resolution chrome122=122.0.6261.111 in cache (valid until 16:23:43 12/03/2024 BRT)
18:15:57.747 [main] INFO io.github.bonigarcia.wdm.WebDriverManager - Using chromedriver 122.0.6261.111 (resolved driver for Chrome 122)
18:15:57.785 [main] DEBUG io.github.bonigarcia.wdm.WebDriverManager - Driver chromedriver 122.0.6261.111 found in cache
18:15:57.786 [main] INFO io.github.bonigarcia.wdm.WebDriverManager - Exporting webdriver.chrome.driver as C:\Users\Romulo\.cache\selenium\chromedriver\win64\122.0.6261.111\chromedriver.exe
]]></system-out>
  </testcase>
  <testcase name="Teste automação integração #2" classname="Teste automação integração" time="2.771">
    <error message="The step &apos;o usuário está logado com um dos perfis Auditor&apos; and 2 other step(s) are undefined.&#10;You can implement these steps using the snippet(s) below:&#10;&#10;@Given(&quot;o usuário está logado com um dos perfis Auditor&quot;)&#10;public void o_usuário_está_logado_com_um_dos_perfis_auditor() {&#10;    // Write code here that turns the phrase above into concrete actions&#10;    throw new io.cucumber.java.PendingException();&#10;}&#10;@When(&quot;o usuário clicar na Guia Consulta FIPE&quot;)&#10;public void o_usuário_clicar_na_guia_consulta_fipe() {&#10;    // Write code here that turns the phrase above into concrete actions&#10;    throw new io.cucumber.java.PendingException();&#10;}&#10;@Then(&quot;o sistema deverá validar se os campos {string} e {string} estão retornando {string} ou {string} na listagem e na página de Detalhes da Guia Consulta FIPE&quot;)&#10;public void o_sistema_deverá_validar_se_os_campos_e_estão_retornando_ou_na_listagem_e_na_página_de_detalhes_da_guia_consulta_fipe(String string, String string2, String string3, String string4) {&#10;    // Write code here that turns the phrase above into concrete actions&#10;    throw new io.cucumber.java.PendingException();&#10;}&#10;" type="io.cucumber.junit.UndefinedStepException">io.cucumber.junit.UndefinedStepException: 
The step 'o usuário está logado com um dos perfis Auditor' and 2 other step(s) are undefined.
You can implement these steps using the snippet(s) below:

@Given("o usuário está logado com um dos perfis Auditor")
public void o_usuário_está_logado_com_um_dos_perfis_auditor() {
    // Write code here that turns the phrase above into concrete actions
    throw new io.cucumber.java.PendingException();
}
@When("o usuário clicar na Guia Consulta FIPE")
public void o_usuário_clicar_na_guia_consulta_fipe() {
    // Write code here that turns the phrase above into concrete actions
    throw new io.cucumber.java.PendingException();
}
@Then("o sistema deverá validar se os campos {string} e {string} estão retornando {string} ou {string} na listagem e na página de Detalhes da Guia Consulta FIPE")
public void o_sistema_deverá_validar_se_os_campos_e_estão_retornando_ou_na_listagem_e_na_página_de_detalhes_da_guia_consulta_fipe(String string, String string2, String string3, String string4) {
    // Write code here that turns the phrase above into concrete actions
    throw new io.cucumber.java.PendingException();
}

</error>
    <system-out><![CDATA[18:16:02.589 [main] DEBUG io.github.bonigarcia.wdm.WebDriverManager - Using WebDriverManager 5.6.3
18:16:02.614 [main] DEBUG io.github.bonigarcia.wdm.cache.ResolutionCache - Resolution chrome=122 in cache (valid until 18:55:56 11/03/2024 BRT)
18:16:02.615 [main] DEBUG io.github.bonigarcia.wdm.cache.ResolutionCache - Resolution chrome122=122.0.6261.111 in cache (valid until 16:23:43 12/03/2024 BRT)
18:16:02.615 [main] INFO io.github.bonigarcia.wdm.WebDriverManager - Using chromedriver 122.0.6261.111 (resolved driver for Chrome 122)
18:16:02.629 [main] DEBUG io.github.bonigarcia.wdm.WebDriverManager - Driver chromedriver 122.0.6261.111 found in cache
18:16:02.630 [main] INFO io.github.bonigarcia.wdm.WebDriverManager - Exporting webdriver.chrome.driver as C:\Users\Romulo\.cache\selenium\chromedriver\win64\122.0.6261.111\chromedriver.exe
]]></system-out>
  </testcase>
  <testcase name="Teste automação integração #3" classname="Teste automação integração" time="2.418">
    <error message="The step &apos;o usuário está logado com um dos perfis Atendimento&apos; and 2 other step(s) are undefined.&#10;You can implement these steps using the snippet(s) below:&#10;&#10;@Given(&quot;o usuário está logado com um dos perfis Atendimento&quot;)&#10;public void o_usuário_está_logado_com_um_dos_perfis_atendimento() {&#10;    // Write code here that turns the phrase above into concrete actions&#10;    throw new io.cucumber.java.PendingException();&#10;}&#10;@When(&quot;o usuário clicar na Guia Consulta FIPE&quot;)&#10;public void o_usuário_clicar_na_guia_consulta_fipe() {&#10;    // Write code here that turns the phrase above into concrete actions&#10;    throw new io.cucumber.java.PendingException();&#10;}&#10;@Then(&quot;o sistema deverá validar se os campos {string} e {string} estão retornando {string} ou {string} na listagem e na página de Detalhes da Guia Consulta FIPE&quot;)&#10;public void o_sistema_deverá_validar_se_os_campos_e_estão_retornando_ou_na_listagem_e_na_página_de_detalhes_da_guia_consulta_fipe(String string, String string2, String string3, String string4) {&#10;    // Write code here that turns the phrase above into concrete actions&#10;    throw new io.cucumber.java.PendingException();&#10;}&#10;" type="io.cucumber.junit.UndefinedStepException">io.cucumber.junit.UndefinedStepException: 
The step 'o usuário está logado com um dos perfis Atendimento' and 2 other step(s) are undefined.
You can implement these steps using the snippet(s) below:

@Given("o usuário está logado com um dos perfis Atendimento")
public void o_usuário_está_logado_com_um_dos_perfis_atendimento() {
    // Write code here that turns the phrase above into concrete actions
    throw new io.cucumber.java.PendingException();
}
@When("o usuário clicar na Guia Consulta FIPE")
public void o_usuário_clicar_na_guia_consulta_fipe() {
    // Write code here that turns the phrase above into concrete actions
    throw new io.cucumber.java.PendingException();
}
@Then("o sistema deverá validar se os campos {string} e {string} estão retornando {string} ou {string} na listagem e na página de Detalhes da Guia Consulta FIPE")
public void o_sistema_deverá_validar_se_os_campos_e_estão_retornando_ou_na_listagem_e_na_página_de_detalhes_da_guia_consulta_fipe(String string, String string2, String string3, String string4) {
    // Write code here that turns the phrase above into concrete actions
    throw new io.cucumber.java.PendingException();
}

</error>
    <system-out><![CDATA[18:16:05.356 [main] DEBUG io.github.bonigarcia.wdm.WebDriverManager - Using WebDriverManager 5.6.3
18:16:05.375 [main] DEBUG io.github.bonigarcia.wdm.cache.ResolutionCache - Resolution chrome=122 in cache (valid until 18:55:56 11/03/2024 BRT)
18:16:05.375 [main] DEBUG io.github.bonigarcia.wdm.cache.ResolutionCache - Resolution chrome122=122.0.6261.111 in cache (valid until 16:23:43 12/03/2024 BRT)
18:16:05.377 [main] INFO io.github.bonigarcia.wdm.WebDriverManager - Using chromedriver 122.0.6261.111 (resolved driver for Chrome 122)
18:16:05.387 [main] DEBUG io.github.bonigarcia.wdm.WebDriverManager - Driver chromedriver 122.0.6261.111 found in cache
18:16:05.388 [main] INFO io.github.bonigarcia.wdm.WebDriverManager - Exporting webdriver.chrome.driver as C:\Users\Romulo\.cache\selenium\chromedriver\win64\122.0.6261.111\chromedriver.exe
]]></system-out>
  </testcase>
  <testcase name="Teste automação integração #4" classname="Teste automação integração" time="2.285">
    <error message="The step &apos;o usuário está logado com um dos perfis Atendimento chat&apos; and 2 other step(s) are undefined.&#10;You can implement these steps using the snippet(s) below:&#10;&#10;@Given(&quot;o usuário está logado com um dos perfis Atendimento chat&quot;)&#10;public void o_usuário_está_logado_com_um_dos_perfis_atendimento_chat() {&#10;    // Write code here that turns the phrase above into concrete actions&#10;    throw new io.cucumber.java.PendingException();&#10;}&#10;@When(&quot;o usuário clicar na Guia Consulta FIPE&quot;)&#10;public void o_usuário_clicar_na_guia_consulta_fipe() {&#10;    // Write code here that turns the phrase above into concrete actions&#10;    throw new io.cucumber.java.PendingException();&#10;}&#10;@Then(&quot;o sistema deverá validar se os campos {string} e {string} estão retornando {string} ou {string} na listagem e na página de Detalhes da Guia Consulta FIPE&quot;)&#10;public void o_sistema_deverá_validar_se_os_campos_e_estão_retornando_ou_na_listagem_e_na_página_de_detalhes_da_guia_consulta_fipe(String string, String string2, String string3, String string4) {&#10;    // Write code here that turns the phrase above into concrete actions&#10;    throw new io.cucumber.java.PendingException();&#10;}&#10;" type="io.cucumber.junit.UndefinedStepException">io.cucumber.junit.UndefinedStepException: 
The step 'o usuário está logado com um dos perfis Atendimento chat' and 2 other step(s) are undefined.
You can implement these steps using the snippet(s) below:

@Given("o usuário está logado com um dos perfis Atendimento chat")
public void o_usuário_está_logado_com_um_dos_perfis_atendimento_chat() {
    // Write code here that turns the phrase above into concrete actions
    throw new io.cucumber.java.PendingException();
}
@When("o usuário clicar na Guia Consulta FIPE")
public void o_usuário_clicar_na_guia_consulta_fipe() {
    // Write code here that turns the phrase above into concrete actions
    throw new io.cucumber.java.PendingException();
}
@Then("o sistema deverá validar se os campos {string} e {string} estão retornando {string} ou {string} na listagem e na página de Detalhes da Guia Consulta FIPE")
public void o_sistema_deverá_validar_se_os_campos_e_estão_retornando_ou_na_listagem_e_na_página_de_detalhes_da_guia_consulta_fipe(String string, String string2, String string3, String string4) {
    // Write code here that turns the phrase above into concrete actions
    throw new io.cucumber.java.PendingException();
}

</error>
    <system-out><![CDATA[18:16:07.779 [main] DEBUG io.github.bonigarcia.wdm.WebDriverManager - Using WebDriverManager 5.6.3
18:16:07.795 [main] DEBUG io.github.bonigarcia.wdm.cache.ResolutionCache - Resolution chrome=122 in cache (valid until 18:55:56 11/03/2024 BRT)
18:16:07.796 [main] DEBUG io.github.bonigarcia.wdm.cache.ResolutionCache - Resolution chrome122=122.0.6261.111 in cache (valid until 16:23:43 12/03/2024 BRT)
18:16:07.796 [main] INFO io.github.bonigarcia.wdm.WebDriverManager - Using chromedriver 122.0.6261.111 (resolved driver for Chrome 122)
18:16:07.805 [main] DEBUG io.github.bonigarcia.wdm.WebDriverManager - Driver chromedriver 122.0.6261.111 found in cache
18:16:07.806 [main] INFO io.github.bonigarcia.wdm.WebDriverManager - Exporting webdriver.chrome.driver as C:\Users\Romulo\.cache\selenium\chromedriver\win64\122.0.6261.111\chromedriver.exe
]]></system-out>
  </testcase>
  <testcase name="Teste automação integração #5" classname="Teste automação integração" time="2.293">
    <error message="The step &apos;o usuário está logado com um dos perfis Backoffice&apos; and 2 other step(s) are undefined.&#10;You can implement these steps using the snippet(s) below:&#10;&#10;@Given(&quot;o usuário está logado com um dos perfis Backoffice&quot;)&#10;public void o_usuário_está_logado_com_um_dos_perfis_backoffice() {&#10;    // Write code here that turns the phrase above into concrete actions&#10;    throw new io.cucumber.java.PendingException();&#10;}&#10;@When(&quot;o usuário clicar na Guia Consulta FIPE&quot;)&#10;public void o_usuário_clicar_na_guia_consulta_fipe() {&#10;    // Write code here that turns the phrase above into concrete actions&#10;    throw new io.cucumber.java.PendingException();&#10;}&#10;@Then(&quot;o sistema deverá validar se os campos {string} e {string} estão retornando {string} ou {string} na listagem e na página de Detalhes da Guia Consulta FIPE&quot;)&#10;public void o_sistema_deverá_validar_se_os_campos_e_estão_retornando_ou_na_listagem_e_na_página_de_detalhes_da_guia_consulta_fipe(String string, String string2, String string3, String string4) {&#10;    // Write code here that turns the phrase above into concrete actions&#10;    throw new io.cucumber.java.PendingException();&#10;}&#10;" type="io.cucumber.junit.UndefinedStepException">io.cucumber.junit.UndefinedStepException: 
The step 'o usuário está logado com um dos perfis Backoffice' and 2 other step(s) are undefined.
You can implement these steps using the snippet(s) below:

@Given("o usuário está logado com um dos perfis Backoffice")
public void o_usuário_está_logado_com_um_dos_perfis_backoffice() {
    // Write code here that turns the phrase above into concrete actions
    throw new io.cucumber.java.PendingException();
}
@When("o usuário clicar na Guia Consulta FIPE")
public void o_usuário_clicar_na_guia_consulta_fipe() {
    // Write code here that turns the phrase above into concrete actions
    throw new io.cucumber.java.PendingException();
}
@Then("o sistema deverá validar se os campos {string} e {string} estão retornando {string} ou {string} na listagem e na página de Detalhes da Guia Consulta FIPE")
public void o_sistema_deverá_validar_se_os_campos_e_estão_retornando_ou_na_listagem_e_na_página_de_detalhes_da_guia_consulta_fipe(String string, String string2, String string3, String string4) {
    // Write code here that turns the phrase above into concrete actions
    throw new io.cucumber.java.PendingException();
}

</error>
    <system-out><![CDATA[18:16:10.054 [main] DEBUG io.github.bonigarcia.wdm.WebDriverManager - Using WebDriverManager 5.6.3
18:16:10.066 [main] DEBUG io.github.bonigarcia.wdm.cache.ResolutionCache - Resolution chrome=122 in cache (valid until 18:55:56 11/03/2024 BRT)
18:16:10.067 [main] DEBUG io.github.bonigarcia.wdm.cache.ResolutionCache - Resolution chrome122=122.0.6261.111 in cache (valid until 16:23:43 12/03/2024 BRT)
18:16:10.067 [main] INFO io.github.bonigarcia.wdm.WebDriverManager - Using chromedriver 122.0.6261.111 (resolved driver for Chrome 122)
18:16:10.077 [main] DEBUG io.github.bonigarcia.wdm.WebDriverManager - Driver chromedriver 122.0.6261.111 found in cache
18:16:10.078 [main] INFO io.github.bonigarcia.wdm.WebDriverManager - Exporting webdriver.chrome.driver as C:\Users\Romulo\.cache\selenium\chromedriver\win64\122.0.6261.111\chromedriver.exe
]]></system-out>
  </testcase>
  <testcase name="Teste automação integração #6" classname="Teste automação integração" time="2.56">
    <error message="The step &apos;o usuário está logado com um dos perfis Monitor Qualidade&apos; and 2 other step(s) are undefined.&#10;You can implement these steps using the snippet(s) below:&#10;&#10;@Given(&quot;o usuário está logado com um dos perfis Monitor Qualidade&quot;)&#10;public void o_usuário_está_logado_com_um_dos_perfis_monitor_qualidade() {&#10;    // Write code here that turns the phrase above into concrete actions&#10;    throw new io.cucumber.java.PendingException();&#10;}&#10;@When(&quot;o usuário clicar na Guia Consulta FIPE&quot;)&#10;public void o_usuário_clicar_na_guia_consulta_fipe() {&#10;    // Write code here that turns the phrase above into concrete actions&#10;    throw new io.cucumber.java.PendingException();&#10;}&#10;@Then(&quot;o sistema deverá validar se os campos {string} e {string} estão retornando {string} ou {string} na listagem e na página de Detalhes da Guia Consulta FIPE&quot;)&#10;public void o_sistema_deverá_validar_se_os_campos_e_estão_retornando_ou_na_listagem_e_na_página_de_detalhes_da_guia_consulta_fipe(String string, String string2, String string3, String string4) {&#10;    // Write code here that turns the phrase above into concrete actions&#10;    throw new io.cucumber.java.PendingException();&#10;}&#10;" type="io.cucumber.junit.UndefinedStepException">io.cucumber.junit.UndefinedStepException: 
The step 'o usuário está logado com um dos perfis Monitor Qualidade' and 2 other step(s) are undefined.
You can implement these steps using the snippet(s) below:

@Given("o usuário está logado com um dos perfis Monitor Qualidade")
public void o_usuário_está_logado_com_um_dos_perfis_monitor_qualidade() {
    // Write code here that turns the phrase above into concrete actions
    throw new io.cucumber.java.PendingException();
}
@When("o usuário clicar na Guia Consulta FIPE")
public void o_usuário_clicar_na_guia_consulta_fipe() {
    // Write code here that turns the phrase above into concrete actions
    throw new io.cucumber.java.PendingException();
}
@Then("o sistema deverá validar se os campos {string} e {string} estão retornando {string} ou {string} na listagem e na página de Detalhes da Guia Consulta FIPE")
public void o_sistema_deverá_validar_se_os_campos_e_estão_retornando_ou_na_listagem_e_na_página_de_detalhes_da_guia_consulta_fipe(String string, String string2, String string3, String string4) {
    // Write code here that turns the phrase above into concrete actions
    throw new io.cucumber.java.PendingException();
}

</error>
    <system-out><![CDATA[18:16:12.346 [main] DEBUG io.github.bonigarcia.wdm.WebDriverManager - Using WebDriverManager 5.6.3
18:16:12.355 [main] DEBUG io.github.bonigarcia.wdm.cache.ResolutionCache - Resolution chrome=122 in cache (valid until 18:55:56 11/03/2024 BRT)
18:16:12.356 [main] DEBUG io.github.bonigarcia.wdm.cache.ResolutionCache - Resolution chrome122=122.0.6261.111 in cache (valid until 16:23:43 12/03/2024 BRT)
18:16:12.356 [main] INFO io.github.bonigarcia.wdm.WebDriverManager - Using chromedriver 122.0.6261.111 (resolved driver for Chrome 122)
18:16:12.364 [main] DEBUG io.github.bonigarcia.wdm.WebDriverManager - Driver chromedriver 122.0.6261.111 found in cache
18:16:12.364 [main] INFO io.github.bonigarcia.wdm.WebDriverManager - Exporting webdriver.chrome.driver as C:\Users\Romulo\.cache\selenium\chromedriver\win64\122.0.6261.111\chromedriver.exe
]]></system-out>
  </testcase>
  <testcase name="Teste automação integração #7" classname="Teste automação integração" time="2.622">
    <error message="The step &apos;o usuário está logado com um dos perfis Monitor Qualidade&apos; and 2 other step(s) are undefined.&#10;You can implement these steps using the snippet(s) below:&#10;&#10;@Given(&quot;o usuário está logado com um dos perfis Monitor Qualidade&quot;)&#10;public void o_usuário_está_logado_com_um_dos_perfis_monitor_qualidade() {&#10;    // Write code here that turns the phrase above into concrete actions&#10;    throw new io.cucumber.java.PendingException();&#10;}&#10;@When(&quot;o usuário clicar na Guia Consulta FIPE&quot;)&#10;public void o_usuário_clicar_na_guia_consulta_fipe() {&#10;    // Write code here that turns the phrase above into concrete actions&#10;    throw new io.cucumber.java.PendingException();&#10;}&#10;@Then(&quot;o sistema deverá validar se os campos {string} e {string} estão retornando {string} ou {string} na listagem e na página de Detalhes da Guia Consulta FIPE&quot;)&#10;public void o_sistema_deverá_validar_se_os_campos_e_estão_retornando_ou_na_listagem_e_na_página_de_detalhes_da_guia_consulta_fipe(String string, String string2, String string3, String string4) {&#10;    // Write code here that turns the phrase above into concrete actions&#10;    throw new io.cucumber.java.PendingException();&#10;}&#10;" type="io.cucumber.junit.UndefinedStepException">io.cucumber.junit.UndefinedStepException: 
The step 'o usuário está logado com um dos perfis Monitor Qualidade' and 2 other step(s) are undefined.
You can implement these steps using the snippet(s) below:

@Given("o usuário está logado com um dos perfis Monitor Qualidade")
public void o_usuário_está_logado_com_um_dos_perfis_monitor_qualidade() {
    // Write code here that turns the phrase above into concrete actions
    throw new io.cucumber.java.PendingException();
}
@When("o usuário clicar na Guia Consulta FIPE")
public void o_usuário_clicar_na_guia_consulta_fipe() {
    // Write code here that turns the phrase above into concrete actions
    throw new io.cucumber.java.PendingException();
}
@Then("o sistema deverá validar se os campos {string} e {string} estão retornando {string} ou {string} na listagem e na página de Detalhes da Guia Consulta FIPE")
public void o_sistema_deverá_validar_se_os_campos_e_estão_retornando_ou_na_listagem_e_na_página_de_detalhes_da_guia_consulta_fipe(String string, String string2, String string3, String string4) {
    // Write code here that turns the phrase above into concrete actions
    throw new io.cucumber.java.PendingException();
}

</error>
    <system-out><![CDATA[18:16:14.907 [main] DEBUG io.github.bonigarcia.wdm.WebDriverManager - Using WebDriverManager 5.6.3
18:16:14.919 [main] DEBUG io.github.bonigarcia.wdm.cache.ResolutionCache - Resolution chrome=122 in cache (valid until 18:55:56 11/03/2024 BRT)
18:16:14.920 [main] DEBUG io.github.bonigarcia.wdm.cache.ResolutionCache - Resolution chrome122=122.0.6261.111 in cache (valid until 16:23:43 12/03/2024 BRT)
18:16:14.920 [main] INFO io.github.bonigarcia.wdm.WebDriverManager - Using chromedriver 122.0.6261.111 (resolved driver for Chrome 122)
18:16:14.930 [main] DEBUG io.github.bonigarcia.wdm.WebDriverManager - Driver chromedriver 122.0.6261.111 found in cache
18:16:14.931 [main] INFO io.github.bonigarcia.wdm.WebDriverManager - Exporting webdriver.chrome.driver as C:\Users\Romulo\.cache\selenium\chromedriver\win64\122.0.6261.111\chromedriver.exe
]]></system-out>
  </testcase>
  <testcase name="Teste automação integração #8" classname="Teste automação integração" time="2.763">
    <error message="The step &apos;o usuário está logado com um dos perfis Promotor&apos; and 2 other step(s) are undefined.&#10;You can implement these steps using the snippet(s) below:&#10;&#10;@Given(&quot;o usuário está logado com um dos perfis Promotor&quot;)&#10;public void o_usuário_está_logado_com_um_dos_perfis_promotor() {&#10;    // Write code here that turns the phrase above into concrete actions&#10;    throw new io.cucumber.java.PendingException();&#10;}&#10;@When(&quot;o usuário clicar na Guia Consulta FIPE&quot;)&#10;public void o_usuário_clicar_na_guia_consulta_fipe() {&#10;    // Write code here that turns the phrase above into concrete actions&#10;    throw new io.cucumber.java.PendingException();&#10;}&#10;@Then(&quot;o sistema deverá validar se os campos {string} e {string} estão retornando {string} ou {string} na listagem e na página de Detalhes da Guia Consulta FIPE&quot;)&#10;public void o_sistema_deverá_validar_se_os_campos_e_estão_retornando_ou_na_listagem_e_na_página_de_detalhes_da_guia_consulta_fipe(String string, String string2, String string3, String string4) {&#10;    // Write code here that turns the phrase above into concrete actions&#10;    throw new io.cucumber.java.PendingException();&#10;}&#10;" type="io.cucumber.junit.UndefinedStepException">io.cucumber.junit.UndefinedStepException: 
The step 'o usuário está logado com um dos perfis Promotor' and 2 other step(s) are undefined.
You can implement these steps using the snippet(s) below:

@Given("o usuário está logado com um dos perfis Promotor")
public void o_usuário_está_logado_com_um_dos_perfis_promotor() {
    // Write code here that turns the phrase above into concrete actions
    throw new io.cucumber.java.PendingException();
}
@When("o usuário clicar na Guia Consulta FIPE")
public void o_usuário_clicar_na_guia_consulta_fipe() {
    // Write code here that turns the phrase above into concrete actions
    throw new io.cucumber.java.PendingException();
}
@Then("o sistema deverá validar se os campos {string} e {string} estão retornando {string} ou {string} na listagem e na página de Detalhes da Guia Consulta FIPE")
public void o_sistema_deverá_validar_se_os_campos_e_estão_retornando_ou_na_listagem_e_na_página_de_detalhes_da_guia_consulta_fipe(String string, String string2, String string3, String string4) {
    // Write code here that turns the phrase above into concrete actions
    throw new io.cucumber.java.PendingException();
}

</error>
    <system-out><![CDATA[18:16:17.528 [main] DEBUG io.github.bonigarcia.wdm.WebDriverManager - Using WebDriverManager 5.6.3
18:16:17.540 [main] DEBUG io.github.bonigarcia.wdm.cache.ResolutionCache - Resolution chrome=122 in cache (valid until 18:55:56 11/03/2024 BRT)
18:16:17.541 [main] DEBUG io.github.bonigarcia.wdm.cache.ResolutionCache - Resolution chrome122=122.0.6261.111 in cache (valid until 16:23:43 12/03/2024 BRT)
18:16:17.541 [main] INFO io.github.bonigarcia.wdm.WebDriverManager - Using chromedriver 122.0.6261.111 (resolved driver for Chrome 122)
18:16:17.551 [main] DEBUG io.github.bonigarcia.wdm.WebDriverManager - Driver chromedriver 122.0.6261.111 found in cache
18:16:17.552 [main] INFO io.github.bonigarcia.wdm.WebDriverManager - Exporting webdriver.chrome.driver as C:\Users\Romulo\.cache\selenium\chromedriver\win64\122.0.6261.111\chromedriver.exe
]]></system-out>
  </testcase>
  <testcase name="Teste automação integração #9" classname="Teste automação integração" time="2.368">
    <error message="The step &apos;o usuário está logado com um dos perfis Sinistro Regulação&apos; and 2 other step(s) are undefined.&#10;You can implement these steps using the snippet(s) below:&#10;&#10;@Given(&quot;o usuário está logado com um dos perfis Sinistro Regulação&quot;)&#10;public void o_usuário_está_logado_com_um_dos_perfis_sinistro_regulação() {&#10;    // Write code here that turns the phrase above into concrete actions&#10;    throw new io.cucumber.java.PendingException();&#10;}&#10;@When(&quot;o usuário clicar na Guia Consulta FIPE&quot;)&#10;public void o_usuário_clicar_na_guia_consulta_fipe() {&#10;    // Write code here that turns the phrase above into concrete actions&#10;    throw new io.cucumber.java.PendingException();&#10;}&#10;@Then(&quot;o sistema deverá validar se os campos {string} e {string} estão retornando {string} ou {string} na listagem e na página de Detalhes da Guia Consulta FIPE&quot;)&#10;public void o_sistema_deverá_validar_se_os_campos_e_estão_retornando_ou_na_listagem_e_na_página_de_detalhes_da_guia_consulta_fipe(String string, String string2, String string3, String string4) {&#10;    // Write code here that turns the phrase above into concrete actions&#10;    throw new io.cucumber.java.PendingException();&#10;}&#10;" type="io.cucumber.junit.UndefinedStepException">io.cucumber.junit.UndefinedStepException: 
The step 'o usuário está logado com um dos perfis Sinistro Regulação' and 2 other step(s) are undefined.
You can implement these steps using the snippet(s) below:

@Given("o usuário está logado com um dos perfis Sinistro Regulação")
public void o_usuário_está_logado_com_um_dos_perfis_sinistro_regulação() {
    // Write code here that turns the phrase above into concrete actions
    throw new io.cucumber.java.PendingException();
}
@When("o usuário clicar na Guia Consulta FIPE")
public void o_usuário_clicar_na_guia_consulta_fipe() {
    // Write code here that turns the phrase above into concrete actions
    throw new io.cucumber.java.PendingException();
}
@Then("o sistema deverá validar se os campos {string} e {string} estão retornando {string} ou {string} na listagem e na página de Detalhes da Guia Consulta FIPE")
public void o_sistema_deverá_validar_se_os_campos_e_estão_retornando_ou_na_listagem_e_na_página_de_detalhes_da_guia_consulta_fipe(String string, String string2, String string3, String string4) {
    // Write code here that turns the phrase above into concrete actions
    throw new io.cucumber.java.PendingException();
}

</error>
    <system-out><![CDATA[18:16:20.292 [main] DEBUG io.github.bonigarcia.wdm.WebDriverManager - Using WebDriverManager 5.6.3
18:16:20.307 [main] DEBUG io.github.bonigarcia.wdm.cache.ResolutionCache - Resolution chrome=122 in cache (valid until 18:55:56 11/03/2024 BRT)
18:16:20.308 [main] DEBUG io.github.bonigarcia.wdm.cache.ResolutionCache - Resolution chrome122=122.0.6261.111 in cache (valid until 16:23:43 12/03/2024 BRT)
18:16:20.308 [main] INFO io.github.bonigarcia.wdm.WebDriverManager - Using chromedriver 122.0.6261.111 (resolved driver for Chrome 122)
18:16:20.316 [main] DEBUG io.github.bonigarcia.wdm.WebDriverManager - Driver chromedriver 122.0.6261.111 found in cache
18:16:20.317 [main] INFO io.github.bonigarcia.wdm.WebDriverManager - Exporting webdriver.chrome.driver as C:\Users\Romulo\.cache\selenium\chromedriver\win64\122.0.6261.111\chromedriver.exe
]]></system-out>
  </testcase>
  <testcase name="Teste automação integração #10" classname="Teste automação integração" time="2.364">
    <error message="The step &apos;o usuário está logado com um dos perfis Supervisor&apos; and 2 other step(s) are undefined.&#10;You can implement these steps using the snippet(s) below:&#10;&#10;@Given(&quot;o usuário está logado com um dos perfis Supervisor&quot;)&#10;public void o_usuário_está_logado_com_um_dos_perfis_supervisor() {&#10;    // Write code here that turns the phrase above into concrete actions&#10;    throw new io.cucumber.java.PendingException();&#10;}&#10;@When(&quot;o usuário clicar na Guia Consulta FIPE&quot;)&#10;public void o_usuário_clicar_na_guia_consulta_fipe() {&#10;    // Write code here that turns the phrase above into concrete actions&#10;    throw new io.cucumber.java.PendingException();&#10;}&#10;@Then(&quot;o sistema deverá validar se os campos {string} e {string} estão retornando {string} ou {string} na listagem e na página de Detalhes da Guia Consulta FIPE&quot;)&#10;public void o_sistema_deverá_validar_se_os_campos_e_estão_retornando_ou_na_listagem_e_na_página_de_detalhes_da_guia_consulta_fipe(String string, String string2, String string3, String string4) {&#10;    // Write code here that turns the phrase above into concrete actions&#10;    throw new io.cucumber.java.PendingException();&#10;}&#10;" type="io.cucumber.junit.UndefinedStepException">io.cucumber.junit.UndefinedStepException: 
The step 'o usuário está logado com um dos perfis Supervisor' and 2 other step(s) are undefined.
You can implement these steps using the snippet(s) below:

@Given("o usuário está logado com um dos perfis Supervisor")
public void o_usuário_está_logado_com_um_dos_perfis_supervisor() {
    // Write code here that turns the phrase above into concrete actions
    throw new io.cucumber.java.PendingException();
}
@When("o usuário clicar na Guia Consulta FIPE")
public void o_usuário_clicar_na_guia_consulta_fipe() {
    // Write code here that turns the phrase above into concrete actions
    throw new io.cucumber.java.PendingException();
}
@Then("o sistema deverá validar se os campos {string} e {string} estão retornando {string} ou {string} na listagem e na página de Detalhes da Guia Consulta FIPE")
public void o_sistema_deverá_validar_se_os_campos_e_estão_retornando_ou_na_listagem_e_na_página_de_detalhes_da_guia_consulta_fipe(String string, String string2, String string3, String string4) {
    // Write code here that turns the phrase above into concrete actions
    throw new io.cucumber.java.PendingException();
}

</error>
    <system-out><![CDATA[18:16:22.655 [main] DEBUG io.github.bonigarcia.wdm.WebDriverManager - Using WebDriverManager 5.6.3
18:16:22.668 [main] DEBUG io.github.bonigarcia.wdm.cache.ResolutionCache - Resolution chrome=122 in cache (valid until 18:55:56 11/03/2024 BRT)
18:16:22.669 [main] DEBUG io.github.bonigarcia.wdm.cache.ResolutionCache - Resolution chrome122=122.0.6261.111 in cache (valid until 16:23:43 12/03/2024 BRT)
18:16:22.669 [main] INFO io.github.bonigarcia.wdm.WebDriverManager - Using chromedriver 122.0.6261.111 (resolved driver for Chrome 122)
18:16:22.678 [main] DEBUG io.github.bonigarcia.wdm.WebDriverManager - Driver chromedriver 122.0.6261.111 found in cache
18:16:22.679 [main] INFO io.github.bonigarcia.wdm.WebDriverManager - Exporting webdriver.chrome.driver as C:\Users\Romulo\.cache\selenium\chromedriver\win64\122.0.6261.111\chromedriver.exe
]]></system-out>
  </testcase>
  <testcase name="Teste automação integração #11" classname="Teste automação integração" time="2.474">
    <error message="The step &apos;o usuário está logado com um dos perfis Supervisor Live chat&apos; and 2 other step(s) are undefined.&#10;You can implement these steps using the snippet(s) below:&#10;&#10;@Given(&quot;o usuário está logado com um dos perfis Supervisor Live chat&quot;)&#10;public void o_usuário_está_logado_com_um_dos_perfis_supervisor_live_chat() {&#10;    // Write code here that turns the phrase above into concrete actions&#10;    throw new io.cucumber.java.PendingException();&#10;}&#10;@When(&quot;o usuário clicar na Guia Consulta FIPE&quot;)&#10;public void o_usuário_clicar_na_guia_consulta_fipe() {&#10;    // Write code here that turns the phrase above into concrete actions&#10;    throw new io.cucumber.java.PendingException();&#10;}&#10;@Then(&quot;o sistema deverá validar se os campos {string} e {string} estão retornando {string} ou {string} na listagem e na página de Detalhes da Guia Consulta FIPE&quot;)&#10;public void o_sistema_deverá_validar_se_os_campos_e_estão_retornando_ou_na_listagem_e_na_página_de_detalhes_da_guia_consulta_fipe(String string, String string2, String string3, String string4) {&#10;    // Write code here that turns the phrase above into concrete actions&#10;    throw new io.cucumber.java.PendingException();&#10;}&#10;" type="io.cucumber.junit.UndefinedStepException">io.cucumber.junit.UndefinedStepException: 
The step 'o usuário está logado com um dos perfis Supervisor Live chat' and 2 other step(s) are undefined.
You can implement these steps using the snippet(s) below:

@Given("o usuário está logado com um dos perfis Supervisor Live chat")
public void o_usuário_está_logado_com_um_dos_perfis_supervisor_live_chat() {
    // Write code here that turns the phrase above into concrete actions
    throw new io.cucumber.java.PendingException();
}
@When("o usuário clicar na Guia Consulta FIPE")
public void o_usuário_clicar_na_guia_consulta_fipe() {
    // Write code here that turns the phrase above into concrete actions
    throw new io.cucumber.java.PendingException();
}
@Then("o sistema deverá validar se os campos {string} e {string} estão retornando {string} ou {string} na listagem e na página de Detalhes da Guia Consulta FIPE")
public void o_sistema_deverá_validar_se_os_campos_e_estão_retornando_ou_na_listagem_e_na_página_de_detalhes_da_guia_consulta_fipe(String string, String string2, String string3, String string4) {
    // Write code here that turns the phrase above into concrete actions
    throw new io.cucumber.java.PendingException();
}

</error>
    <system-out><![CDATA[18:16:25.023 [main] DEBUG io.github.bonigarcia.wdm.WebDriverManager - Using WebDriverManager 5.6.3
18:16:25.038 [main] DEBUG io.github.bonigarcia.wdm.cache.ResolutionCache - Resolution chrome=122 in cache (valid until 18:55:56 11/03/2024 BRT)
18:16:25.039 [main] DEBUG io.github.bonigarcia.wdm.cache.ResolutionCache - Resolution chrome122=122.0.6261.111 in cache (valid until 16:23:43 12/03/2024 BRT)
18:16:25.039 [main] INFO io.github.bonigarcia.wdm.WebDriverManager - Using chromedriver 122.0.6261.111 (resolved driver for Chrome 122)
18:16:25.048 [main] DEBUG io.github.bonigarcia.wdm.WebDriverManager - Driver chromedriver 122.0.6261.111 found in cache
18:16:25.050 [main] INFO io.github.bonigarcia.wdm.WebDriverManager - Exporting webdriver.chrome.driver as C:\Users\Romulo\.cache\selenium\chromedriver\win64\122.0.6261.111\chromedriver.exe
]]></system-out>
  </testcase>
  <testcase name="Teste automação integração #12" classname="Teste automação integração" time="2.33">
    <error message="The step &apos;o usuário está logado com um dos perfis Integração SF&apos; and 2 other step(s) are undefined.&#10;You can implement these steps using the snippet(s) below:&#10;&#10;@Given(&quot;o usuário está logado com um dos perfis Integração SF&quot;)&#10;public void o_usuário_está_logado_com_um_dos_perfis_integração_sf() {&#10;    // Write code here that turns the phrase above into concrete actions&#10;    throw new io.cucumber.java.PendingException();&#10;}&#10;@When(&quot;o usuário clicar na Guia Consulta FIPE&quot;)&#10;public void o_usuário_clicar_na_guia_consulta_fipe() {&#10;    // Write code here that turns the phrase above into concrete actions&#10;    throw new io.cucumber.java.PendingException();&#10;}&#10;@Then(&quot;o sistema deverá validar se os campos {string} e {string} estão retornando {string} ou {string} na listagem e na página de Detalhes da Guia Consulta FIPE&quot;)&#10;public void o_sistema_deverá_validar_se_os_campos_e_estão_retornando_ou_na_listagem_e_na_página_de_detalhes_da_guia_consulta_fipe(String string, String string2, String string3, String string4) {&#10;    // Write code here that turns the phrase above into concrete actions&#10;    throw new io.cucumber.java.PendingException();&#10;}&#10;" type="io.cucumber.junit.UndefinedStepException">io.cucumber.junit.UndefinedStepException: 
The step 'o usuário está logado com um dos perfis Integração SF' and 2 other step(s) are undefined.
You can implement these steps using the snippet(s) below:

@Given("o usuário está logado com um dos perfis Integração SF")
public void o_usuário_está_logado_com_um_dos_perfis_integração_sf() {
    // Write code here that turns the phrase above into concrete actions
    throw new io.cucumber.java.PendingException();
}
@When("o usuário clicar na Guia Consulta FIPE")
public void o_usuário_clicar_na_guia_consulta_fipe() {
    // Write code here that turns the phrase above into concrete actions
    throw new io.cucumber.java.PendingException();
}
@Then("o sistema deverá validar se os campos {string} e {string} estão retornando {string} ou {string} na listagem e na página de Detalhes da Guia Consulta FIPE")
public void o_sistema_deverá_validar_se_os_campos_e_estão_retornando_ou_na_listagem_e_na_página_de_detalhes_da_guia_consulta_fipe(String string, String string2, String string3, String string4) {
    // Write code here that turns the phrase above into concrete actions
    throw new io.cucumber.java.PendingException();
}

</error>
    <system-out><![CDATA[18:16:27.498 [main] DEBUG io.github.bonigarcia.wdm.WebDriverManager - Using WebDriverManager 5.6.3
18:16:27.515 [main] DEBUG io.github.bonigarcia.wdm.cache.ResolutionCache - Resolution chrome=122 in cache (valid until 18:55:56 11/03/2024 BRT)
18:16:27.516 [main] DEBUG io.github.bonigarcia.wdm.cache.ResolutionCache - Resolution chrome122=122.0.6261.111 in cache (valid until 16:23:43 12/03/2024 BRT)
18:16:27.516 [main] INFO io.github.bonigarcia.wdm.WebDriverManager - Using chromedriver 122.0.6261.111 (resolved driver for Chrome 122)
18:16:27.528 [main] DEBUG io.github.bonigarcia.wdm.WebDriverManager - Driver chromedriver 122.0.6261.111 found in cache
18:16:27.531 [main] INFO io.github.bonigarcia.wdm.WebDriverManager - Exporting webdriver.chrome.driver as C:\Users\Romulo\.cache\selenium\chromedriver\win64\122.0.6261.111\chromedriver.exe
]]></system-out>
  </testcase>
  <testcase name="Teste automação integração #13" classname="Teste automação integração" time="2.369">
    <error message="The step &apos;o usuário está logado com um dos perfis Integração SF&apos; and 2 other step(s) are undefined.&#10;You can implement these steps using the snippet(s) below:&#10;&#10;@Given(&quot;o usuário está logado com um dos perfis Integração SF&quot;)&#10;public void o_usuário_está_logado_com_um_dos_perfis_integração_sf() {&#10;    // Write code here that turns the phrase above into concrete actions&#10;    throw new io.cucumber.java.PendingException();&#10;}&#10;@When(&quot;o usuário clicar na Guia Consulta FIPE&quot;)&#10;public void o_usuário_clicar_na_guia_consulta_fipe() {&#10;    // Write code here that turns the phrase above into concrete actions&#10;    throw new io.cucumber.java.PendingException();&#10;}&#10;@Then(&quot;o sistema deverá validar se os campos {string} e {string} estão retornando {string} ou {string} na listagem e na página de Detalhes da Guia Consulta FIPE&quot;)&#10;public void o_sistema_deverá_validar_se_os_campos_e_estão_retornando_ou_na_listagem_e_na_página_de_detalhes_da_guia_consulta_fipe(String string, String string2, String string3, String string4) {&#10;    // Write code here that turns the phrase above into concrete actions&#10;    throw new io.cucumber.java.PendingException();&#10;}&#10;" type="io.cucumber.junit.UndefinedStepException">io.cucumber.junit.UndefinedStepException: 
The step 'o usuário está logado com um dos perfis Integração SF' and 2 other step(s) are undefined.
You can implement these steps using the snippet(s) below:

@Given("o usuário está logado com um dos perfis Integração SF")
public void o_usuário_está_logado_com_um_dos_perfis_integração_sf() {
    // Write code here that turns the phrase above into concrete actions
    throw new io.cucumber.java.PendingException();
}
@When("o usuário clicar na Guia Consulta FIPE")
public void o_usuário_clicar_na_guia_consulta_fipe() {
    // Write code here that turns the phrase above into concrete actions
    throw new io.cucumber.java.PendingException();
}
@Then("o sistema deverá validar se os campos {string} e {string} estão retornando {string} ou {string} na listagem e na página de Detalhes da Guia Consulta FIPE")
public void o_sistema_deverá_validar_se_os_campos_e_estão_retornando_ou_na_listagem_e_na_página_de_detalhes_da_guia_consulta_fipe(String string, String string2, String string3, String string4) {
    // Write code here that turns the phrase above into concrete actions
    throw new io.cucumber.java.PendingException();
}

</error>
    <system-out><![CDATA[18:16:29.824 [main] DEBUG io.github.bonigarcia.wdm.WebDriverManager - Using WebDriverManager 5.6.3
18:16:29.832 [main] DEBUG io.github.bonigarcia.wdm.cache.ResolutionCache - Resolution chrome=122 in cache (valid until 18:55:56 11/03/2024 BRT)
18:16:29.833 [main] DEBUG io.github.bonigarcia.wdm.cache.ResolutionCache - Resolution chrome122=122.0.6261.111 in cache (valid until 16:23:43 12/03/2024 BRT)
18:16:29.833 [main] INFO io.github.bonigarcia.wdm.WebDriverManager - Using chromedriver 122.0.6261.111 (resolved driver for Chrome 122)
18:16:29.839 [main] DEBUG io.github.bonigarcia.wdm.WebDriverManager - Driver chromedriver 122.0.6261.111 found in cache
18:16:29.840 [main] INFO io.github.bonigarcia.wdm.WebDriverManager - Exporting webdriver.chrome.driver as C:\Users\Romulo\.cache\selenium\chromedriver\win64\122.0.6261.111\chromedriver.exe
]]></system-out>
  </testcase>
</testsuite>